<beans xmlns="http://www.springframework.org/schema/beans"
       xmlns:xsi="http://www.w3.org/2001/XMLSchema-instance"
       xmlns:context="http://www.springframework.org/schema/context"
       xsi:schemaLocation="
       http://www.springframework.org/schema/beans
       http://www.springframework.org/schema/beans/spring-beans.xsd
       http://www.springframework.org/schema/context
       http://www.springframework.org/schema/context/spring-context.xsd">

  <bean id="mainDataSource" class="com.jolbox.bonecp.BoneCPDataSource" destroy-method="close">
    <property name="driverClass" value="org.h2.Driver" />
    <property name="username" value="sa"/>
    <property name="jdbcUrl" value=
        "jdbc:h2:file:./target/h2.db/cmbus-test;INIT=RUNSCRIPT FROM './src/test/resources/db/schema.ddl';" />
    <property name="password" value=""/>
    <property name="idleConnectionTestPeriodInMinutes" value="1"/>
    <property name="idleMaxAgeInMinutes" value="4"/>
    <property name="maxConnectionsPerPartition" value="30"/>
    <property name="minConnectionsPerPartition" value="10"/>
    <property name="partitionCount" value="3"/>
    <property name="acquireIncrement" value="5"/>
    <property name="statementsCacheSize" value="100"/>
    <property name="releaseHelperThreads" value="3"/>
  </bean>

</beans>